[0808/184358.475:ERROR:process_reader_win.cc(123)] NtOpenThread: {Access Denied} A process has requested access to an object, but has not been granted those access rights. (0xc0000022)
[0808/184358.499:ERROR:exception_snapshot_win.cc(88)] thread ID 20424 not found in process
[0817/115347.343:ERROR:process_reader_win.cc(123)] NtOpenThread: {Acceso denegado} Un proceso ha solicitado acceso a un objeto, pero no se le han concedido esos derechos de acceso. (0xc0000022)
[0817/115347.362:ERROR:exception_snapshot_win.cc(88)] thread ID 4980 not found in process
[0917/164057.193:ERROR:process_reader_win.cc(123)] NtOpenThread: {Acceso denegado} Un proceso ha solicitado acceso a un objeto, pero no se le han concedido esos derechos de acceso. (0xc0000022)
[0917/164057.255:ERROR:exception_snapshot_win.cc(88)] thread ID 7980 not found in process
[0917/164057.493:ERROR:process_reader_win.cc(151)] SuspendThread: Acceso denegado. (0x5)
[0917/164057.604:ERROR:process_reader_win.cc(123)] NtOpenThread: Se ha especificado un identificador de cliente no válido. (0xc000000b)
[0917/164057.604:ERROR:process_reader_win.cc(151)] SuspendThread: Acceso denegado. (0x5)
[0917/164057.604:ERROR:process_reader_win.cc(151)] SuspendThread: Acceso denegado. (0x5)
[0917/164057.604:ERROR:process_reader_win.cc(151)] SuspendThread: Acceso denegado. (0x5)
[0917/164057.604:ERROR:process_reader_win.cc(151)] SuspendThread: Acceso denegado. (0x5)
[0917/164057.604:ERROR:process_reader_win.cc(151)] SuspendThread: Acceso denegado. (0x5)
[0917/164057.604:ERROR:process_reader_win.cc(151)] SuspendThread: Acceso denegado. (0x5)
[0917/164057.605:ERROR:process_reader_win.cc(151)] SuspendThread: Acceso denegado. (0x5)
[0917/164057.605:ERROR:process_reader_win.cc(151)] SuspendThread: Acceso denegado. (0x5)
[0917/164057.605:ERROR:process_reader_win.cc(123)] NtOpenThread: {Acceso denegado} Un proceso ha solicitado acceso a un objeto, pero no se le han concedido esos derechos de acceso. (0xc0000022)
[0917/164057.605:ERROR:exception_snapshot_win.cc(88)] thread ID 8316 not found in process
[0917/164057.627:ERROR:process_reader_win.cc(151)] SuspendThread: Acceso denegado. (0x5)
[0917/164057.628:ERROR:process_reader_win.cc(151)] SuspendThread: Acceso denegado. (0x5)
[0917/164057.628:ERROR:process_reader_win.cc(151)] SuspendThread: Acceso denegado. (0x5)
[0917/164057.628:ERROR:process_reader_win.cc(151)] SuspendThread: Acceso denegado. (0x5)
[0917/164057.628:ERROR:process_reader_win.cc(151)] SuspendThread: Acceso denegado. (0x5)
[0917/164057.628:ERROR:process_reader_win.cc(151)] SuspendThread: Acceso denegado. (0x5)
[0917/164057.628:ERROR:process_reader_win.cc(151)] SuspendThread: Acceso denegado. (0x5)
[0917/164057.628:ERROR:process_reader_win.cc(151)] SuspendThread: Acceso denegado. (0x5)
[0917/164057.628:ERROR:process_reader_win.cc(151)] SuspendThread: Acceso denegado. (0x5)
[0917/164057.628:ERROR:process_reader_win.cc(151)] SuspendThread: Acceso denegado. (0x5)
[0917/164057.628:ERROR:process_reader_win.cc(151)] SuspendThread: Acceso denegado. (0x5)
[0917/164057.628:ERROR:process_reader_win.cc(151)] SuspendThread: Acceso denegado. (0x5)
[0917/164057.628:ERROR:process_reader_win.cc(151)] SuspendThread: Acceso denegado. (0x5)
[0917/164057.628:ERROR:process_reader_win.cc(151)] SuspendThread: Acceso denegado. (0x5)
[0917/164057.628:ERROR:process_reader_win.cc(151)] SuspendThread: Acceso denegado. (0x5)
[0917/164057.628:ERROR:process_reader_win.cc(123)] NtOpenThread: {Acceso denegado} Un proceso ha solicitado acceso a un objeto, pero no se le han concedido esos derechos de acceso. (0xc0000022)
[0917/164057.628:ERROR:exception_snapshot_win.cc(88)] thread ID 8128 not found in process
